#
# A fatal error has been detected by the Java Runtime Environment:
#
#  EXCEPTION_ACCESS_VIOLATION (0xc0000005) at pc=0x75115afc, pid=2648, tid=2004
#
# JRE version: 6.0_30-b12
# Java VM: Java HotSpot(TM) Client VM (20.5-b03 mixed mode windows-x86 )
# Problematic frame:
# C  [MSCTF.dll+0x15afc]
#
# If you would like to submit a bug report, please visit:
#   http://java.sun.com/webapps/bugreport/crash.jsp
# The crash happened outside the Java Virtual Machine in native code.
# See problematic frame for where to report the bug.
#

---------------  T H R E A D  ---------------

Current thread (0x17df2c00):  JavaThread "AWT-Windows" daemon [_thread_in_native, id=2004, stack(0x186d0000,0x18720000)]

siginfo: ExceptionCode=0xc0000005, reading address 0x00000084

Registers:
EAX=0x00000000, EBX=0x00000000, ECX=0xffffffff, EDX=0x7faee000
ESP=0x1871f75c, EBP=0x1871f770, ESI=0x00187bb0, EDI=0x00217b88
EIP=0x75115afc, EFLAGS=0x00010246

Top of Stack: (sp=0x1871f75c)
0x1871f75c:   00187bb0 75155662 00000000 00217b88
0x1871f76c:   00000000 1871f780 7515441c 00217b88
0x1871f77c:   1878a7a0 1871f794 751559ce 00000001
0x1871f78c:   00000000 1878a7a0 1871f7b0 6b991d0a
0x1871f79c:   00217b88 a7ef630b 1871f7d4 6ba614f8
0x1871f7ac:   ffffffff 1871f7e0 6b991ac2 1871f7d0
0x1871f7bc:   a7ef635b 00000002 000d04ac 002179c8
0x1871f7cc:   00217958 00217b88 1871f944 6ba6808e 

Instructions: (pc=0x75115afc)
0x75115adc:   85 c9 74 10 ff 70 18 6a 00 ff 75 0c 6a 01 ff d1
0x75115aec:   5d c2 08 00 33 c0 eb f8 90 90 90 90 90 8b ff 56
0x75115afc:   8b b0 84 00 00 00 85 f6 74 0f 4e 89 b0 84 00 00
0x75115b0c:   00 85 f6 74 08 8b c6 5e c3 33 f6 eb f4 50 e8 a6 


Register to memory mapping:

EAX=0x00000000 is an unknown value
EBX=0x00000000 is an unknown value
ECX=0xffffffff is an unknown value
EDX=0x7faee000 is an unknown value
ESP=0x1871f75c is pointing into the stack for thread: 0x17df2c00
EBP=0x1871f770 is pointing into the stack for thread: 0x17df2c00
ESI=0x00187bb0 is an unknown value
EDI=0x00217b88 is an unknown value


Stack: [0x186d0000,0x18720000],  sp=0x1871f75c,  free space=317k
Native frames: (J=compiled Java code, j=interpreted, Vv=VM code, C=native code)
C  [MSCTF.dll+0x15afc]  CtfImeCreateInputContext+0x1c1b
C  [MSCTF.dll+0x5441c]  TF_IsCtfmonRunning+0x1ca5
C  [MSCTF.dll+0x559ce]  TF_IsCtfmonRunning+0x3257
C  [GIMEJA.IME+0x1d0a]
C  [GIMEJA.IME+0x1ac2]
C  [GIMEJA.IME+0x83d3]  ImeEnumRegisterWord+0x18f3
C  [USER32.dll+0x7d33]  PeekMessageW+0x1c0
C  [USER32.dll+0x7e90]  PeekMessageW+0x31d
C  [USER32.dll+0x993c]  TranslateMessageEx+0xdc
C  [USER32.dll+0x99e9]  TranslateMessageEx+0x189

Java frames: (J=compiled Java code, j=interpreted, Vv=VM code)
j  sun.awt.windows.WToolkit.eventLoop()V+0
j  sun.awt.windows.WToolkit.run()V+52
j  java.lang.Thread.run()V+11
v  ~StubRoutines::call_stub

---------------  P R O C E S S  ---------------

Java Threads: ( => current thread )
  0x17d79400 JavaThread "Thread-1" daemon [_thread_in_native, id=1504, stack(0x1a0a0000,0x1a0f0000)]
  0x00d99400 JavaThread "DestroyJavaVM" [_thread_blocked, id=3492, stack(0x00bd0000,0x00c20000)]
  0x17e94c00 JavaThread "AWT-EventQueue-0" [_thread_blocked, id=4380, stack(0x1a620000,0x1a670000)]
  0x17e96c00 JavaThread "TimerQueue" daemon [_thread_blocked, id=1956, stack(0x1a5d0000,0x1a620000)]
=>0x17df2c00 JavaThread "AWT-Windows" daemon [_thread_in_native, id=2004, stack(0x186d0000,0x18720000)]
  0x17df2400 JavaThread "AWT-Shutdown" [_thread_blocked, id=940, stack(0x18680000,0x186d0000)]
  0x17dcd400 JavaThread "Java2D Disposer" daemon [_thread_blocked, id=2424, stack(0x184e0000,0x18530000)]
  0x17db0800 JavaThread "Monitor Ctrl-Break" daemon [_thread_in_native, id=5132, stack(0x18090000,0x180e0000)]
  0x00cbd800 JavaThread "Low Memory Detector" daemon [_thread_blocked, id=3796, stack(0x17cb0000,0x17d00000)]
  0x00cbc000 JavaThread "C1 CompilerThread0" daemon [_thread_blocked, id=4940, stack(0x17c60000,0x17cb0000)]
  0x00cbac00 JavaThread "Attach Listener" daemon [_thread_blocked, id=1596, stack(0x17c10000,0x17c60000)]
  0x00cb8c00 JavaThread "Signal Dispatcher" daemon [_thread_blocked, id=1828, stack(0x17bc0000,0x17c10000)]
  0x00c9b800 JavaThread "Finalizer" daemon [_thread_blocked, id=5308, stack(0x17b70000,0x17bc0000)]
  0x00c9a400 JavaThread "Reference Handler" daemon [_thread_blocked, id=2924, stack(0x17b20000,0x17b70000)]

Other Threads:
  0x00c96c00 VMThread [stack: 0x17ad0000,0x17b20000] [id=4164]
  0x00cc3000 WatcherThread [stack: 0x17d00000,0x17d50000] [id=4508]

VM state:not at safepoint (normal execution)

VM Mutex/Monitor currently owned by a thread: None

Heap
 def new generation   total 17344K, used 13511K [0x03a20000, 0x04cf0000, 0x08f70000)
  eden space 15424K,  81% used [0x03a20000, 0x0465d588, 0x04930000)
  from space 1920K,  50% used [0x04930000, 0x04a24738, 0x04b10000)
  to   space 1920K,   0% used [0x04b10000, 0x04b10000, 0x04cf0000)
 tenured generation   total 38452K, used 34416K [0x08f70000, 0x0b4fd000, 0x13a20000)
   the space 38452K,  89% used [0x08f70000, 0x0b10c108, 0x0b10c200, 0x0b4fd000)
 compacting perm gen  total 12288K, used 8307K [0x13a20000, 0x14620000, 0x17a20000)
   the space 12288K,  67% used [0x13a20000, 0x1423ccb0, 0x1423ce00, 0x14620000)
No shared spaces configured.

Code Cache  [0x019a0000, 0x01bd8000, 0x039a0000)
 total_blobs=1357 nmethods=1142 adapters=149 free_code_cache=31247296 largest_free_block=0

Dynamic libraries:
0x00400000 - 0x00425000 	C:\Program Files\Java\jdk1.6.0_30\bin\java.exe
0x775c0000 - 0x77729000 	C:\Windows\SYSTEM32\ntdll.dll
0x76060000 - 0x76153000 	C:\Windows\system32\KERNEL32.DLL
0x74d80000 - 0x74e39000 	C:\Windows\system32\KERNELBASE.dll
0x6f250000 - 0x6f2f2000 	C:\Windows\system32\apphelp.dll
0x75050000 - 0x750fb000 	C:\Windows\system32\ADVAPI32.dll
0x773e0000 - 0x77491000 	C:\Windows\system32\msvcrt.dll
0x754a0000 - 0x754d3000 	C:\Windows\SYSTEM32\sechost.dll
0x75bb0000 - 0x75c7c000 	C:\Windows\system32\RPCRT4.dll
0x7c340000 - 0x7c396000 	C:\Program Files\Java\jdk1.6.0_30\jre\bin\msvcr71.dll
0x6d8c0000 - 0x6db6f000 	C:\Program Files\Java\jdk1.6.0_30\jre\bin\client\jvm.dll
0x774a0000 - 0x775bf000 	C:\Windows\system32\USER32.dll
0x703a0000 - 0x703c1000 	C:\Windows\SYSTEM32\WINMM.dll
0x75de0000 - 0x75ee3000 	C:\Windows\system32\GDI32.dll
0x70300000 - 0x70329000 	C:\Windows\SYSTEM32\WINMMBASE.dll
0x75d40000 - 0x75d6a000 	C:\Windows\system32\IMM32.DLL
0x75100000 - 0x751d9000 	C:\Windows\system32\MSCTF.dll
0x6d870000 - 0x6d87c000 	C:\Program Files\Java\jdk1.6.0_30\jre\bin\verify.dll
0x6d3d0000 - 0x6d3ef000 	C:\Program Files\Java\jdk1.6.0_30\jre\bin\java.dll
0x6d8b0000 - 0x6d8bf000 	C:\Program Files\Java\jdk1.6.0_30\jre\bin\zip.dll
0x003f0000 - 0x003f7000 	C:\Program Files\JetBrains\IntelliJ IDEA Community Edition 11.0.2\bin\breakgen.dll
0x6d6b0000 - 0x6d6c3000 	C:\Program Files\Java\jdk1.6.0_30\jre\bin\net.dll
0x75ef0000 - 0x75f3d000 	C:\Windows\system32\WS2_32.dll
0x75dd0000 - 0x75dd7000 	C:\Windows\system32\NSI.dll
0x746a0000 - 0x746ea000 	C:\Windows\system32\mswsock.dll
0x6d0b0000 - 0x6d1fc000 	C:\Program Files\Java\jdk1.6.0_30\jre\bin\awt.dll
0x6ff30000 - 0x6ff8e000 	C:\Windows\SYSTEM32\WINSPOOL.DRV
0x75f40000 - 0x76052000 	C:\Windows\system32\ole32.dll
0x72ce0000 - 0x72ecc000 	C:\Windows\WinSxS\x86_microsoft.windows.common-controls_6595b64144ccf1df_6.0.8250.0_none_c119e7cca62b92bd\COMCTL32.dll
0x75970000 - 0x75a8e000 	C:\Windows\SYSTEM32\combase.dll
0x62c90000 - 0x62ec6000 	C:\Windows\AppPatch\AcGenral.DLL
0x74ae0000 - 0x74b02000 	C:\Windows\SYSTEM32\SspiCli.dll
0x75d00000 - 0x75d40000 	C:\Windows\system32\SHLWAPI.dll
0x73e80000 - 0x73f19000 	C:\Windows\SYSTEM32\UxTheme.dll
0x742b0000 - 0x742c2000 	C:\Windows\SYSTEM32\samcli.dll
0x751e0000 - 0x7526b000 	C:\Windows\system32\OLEAUT32.dll
0x65980000 - 0x65994000 	C:\Windows\SYSTEM32\MSACM32.dll
0x72ed0000 - 0x72ed7000 	C:\Windows\SYSTEM32\VERSION.dll
0x76170000 - 0x7724a000 	C:\Windows\system32\SHELL32.dll
0x74380000 - 0x74399000 	C:\Windows\SYSTEM32\USERENV.dll
0x72ee0000 - 0x72ef7000 	C:\Windows\SYSTEM32\dwmapi.dll
0x75a90000 - 0x75ba3000 	C:\Windows\system32\urlmon.dll
0x6e1d0000 - 0x6e1e3000 	C:\Windows\SYSTEM32\MPR.dll
0x74c20000 - 0x74c31000 	C:\Windows\SYSTEM32\profapi.dll
0x77250000 - 0x773d9000 	C:\Windows\system32\iertutil.dll
0x75270000 - 0x752cf000 	C:\Windows\system32\SHCORE.DLL
0x6d2e0000 - 0x6d32f000 	C:\Program Files\Java\jdk1.6.0_30\jre\bin\fontmanager.dll
0x6b990000 - 0x6baf7000 	C:\Windows\system32\GIMEJA.IME
0x6b870000 - 0x6b98e000 	C:\Windows\system32\dbghelp.dll
0x754e0000 - 0x754e5000 	C:\Windows\system32\PSAPI.DLL
0x74b60000 - 0x74b69000 	C:\Windows\SYSTEM32\CRYPTBASE.dll
0x74b10000 - 0x74b60000 	C:\Windows\SYSTEM32\bcryptprimitives.dll
0x6d6d0000 - 0x6d6d9000 	C:\Program Files\Java\jdk1.6.0_30\jre\bin\nio.dll
0x70ce0000 - 0x70d06000 	C:\Windows\SYSTEM32\ntmarta.dll
0x746f0000 - 0x74709000 	C:\Windows\SYSTEM32\CRYPTSP.dll
0x74440000 - 0x7447c000 	C:\Windows\system32\rsaenh.dll

VM Arguments:
jvm_args: -Didea.launcher.port=7534 -Didea.launcher.bin.path=C:\Program Files\JetBrains\IntelliJ IDEA Community Edition 11.0.2\bin -Dfile.encoding=UTF-8 
java_command: com.intellij.rt.execution.application.AppMain HTMConfiguration
Launcher Type: SUN_STANDARD

Environment Variables:
PATH=C:\Program Files\JetBrains\IntelliJ IDEA Community Edition 11.0.2\bin\..\.\bin;C:\Program Files\NVIDIA Corporation\PhysX\Common;C:\Windows\system32;C:\Windows;C:\Windows\System32\Wbem;C:\Windows\System32\WindowsPowerShell\v1.0\;C:\Python32\;c:\program files\jetbrains\intellij idea community edition 11.0.2\jre\jre\bin
USERNAME=soil
OS=Windows_NT
PROCESSOR_IDENTIFIER=x86 Family 6 Model 42 Stepping 7, GenuineIntel



---------------  S Y S T E M  ---------------

OS: Windows NT 6.2 Build 8250 

CPU:total 4 (4 cores per cpu, 1 threads per core) family 6 model 42 stepping 7, cmov, cx8, fxsr, mmx, sse, sse2, sse3, ssse3, sse4.1, sse4.2, popcnt

Memory: 4k page, physical 3398348k(1966364k free), swap 4971212k(3106672k free)

vm_info: Java HotSpot(TM) Client VM (20.5-b03) for windows-x86 JRE (1.6.0_30-b12), built on Nov 10 2011 01:51:00 by "java_re" with MS VC++ 7.1 (VS2003)

time: Tue Mar 20 20:35:06 2012
elapsed time: 185 seconds

